{"date":"2023-03-18T11:55:21.390Z","level":"info","message":"Request received","method":"GET","service":"user-service","url":"/api-docs"}
{"date":"2023-03-18T11:55:21.465Z","level":"info","message":"Request received","method":"GET","service":"user-service","url":"/api-docs/"}
{"date":"2023-03-18T11:55:21.630Z","level":"info","message":"Request received","method":"GET","service":"user-service","url":"/api-docs/swagger-ui.css"}
{"date":"2023-03-18T11:55:21.633Z","level":"info","message":"Request received","method":"GET","service":"user-service","url":"/api-docs/swagger-ui-bundle.js"}
{"date":"2023-03-18T11:55:21.640Z","level":"info","message":"Request received","method":"GET","service":"user-service","url":"/api-docs/swagger-ui-standalone-preset.js"}
{"date":"2023-03-18T11:55:21.644Z","level":"info","message":"Request received","method":"GET","service":"user-service","url":"/api-docs/swagger-ui-init.js"}
{"date":"2023-03-18T11:55:23.331Z","level":"info","message":"Request received","method":"GET","service":"user-service","url":"/api-docs/favicon-32x32.png"}
{"date":"2023-03-18T11:56:28.283Z","level":"info","message":"Request received","method":"GET","service":"user-service","url":"/api-docs/"}
{"date":"2023-03-18T11:56:28.376Z","level":"info","message":"Request received","method":"GET","service":"user-service","url":"/api-docs/swagger-ui.css"}
{"date":"2023-03-18T11:56:28.382Z","level":"info","message":"Request received","method":"GET","service":"user-service","url":"/api-docs/swagger-ui-bundle.js"}
{"date":"2023-03-18T11:56:28.386Z","level":"info","message":"Request received","method":"GET","service":"user-service","url":"/api-docs/swagger-ui-init.js"}
{"date":"2023-03-18T11:56:28.398Z","level":"info","message":"Request received","method":"GET","service":"user-service","url":"/api-docs/swagger-ui-standalone-preset.js"}
{"date":"2023-03-18T11:56:28.964Z","level":"info","message":"Request received","method":"GET","service":"user-service","url":"/api-docs/favicon-32x32.png"}
{"date":"2023-03-18T12:02:10.800Z","level":"info","message":"Request received","method":"GET","service":"user-service","url":"/api-docs/"}
{"date":"2023-03-18T12:02:10.885Z","level":"info","message":"Request received","method":"GET","service":"user-service","url":"/api-docs/swagger-ui.css"}
{"date":"2023-03-18T12:02:10.889Z","level":"info","message":"Request received","method":"GET","service":"user-service","url":"/api-docs/swagger-ui-bundle.js"}
{"date":"2023-03-18T12:02:10.903Z","level":"info","message":"Request received","method":"GET","service":"user-service","url":"/api-docs/swagger-ui-standalone-preset.js"}
{"date":"2023-03-18T12:02:10.906Z","level":"info","message":"Request received","method":"GET","service":"user-service","url":"/api-docs/swagger-ui-init.js"}
{"date":"2023-03-18T12:02:11.324Z","level":"info","message":"Request received","method":"GET","service":"user-service","url":"/api-docs/favicon-32x32.png"}
{"date":"2023-03-18T12:04:34.661Z","level":"info","message":"Request received","method":"GET","service":"user-service","url":"/api-docs/"}
{"date":"2023-03-18T12:04:34.744Z","level":"info","message":"Request received","method":"GET","service":"user-service","url":"/api-docs/swagger-ui.css"}
{"date":"2023-03-18T12:04:34.759Z","level":"info","message":"Request received","method":"GET","service":"user-service","url":"/api-docs/swagger-ui-bundle.js"}
{"date":"2023-03-18T12:04:34.770Z","level":"info","message":"Request received","method":"GET","service":"user-service","url":"/api-docs/swagger-ui-standalone-preset.js"}
{"date":"2023-03-18T12:04:34.773Z","level":"info","message":"Request received","method":"GET","service":"user-service","url":"/api-docs/swagger-ui-init.js"}
{"date":"2023-03-18T12:04:35.172Z","level":"info","message":"Request received","method":"GET","service":"user-service","url":"/api-docs/favicon-32x32.png"}
{"date":"2023-03-18T12:04:48.524Z","level":"info","message":"Request received","method":"GET","service":"user-service","url":"/api-docs/"}
{"date":"2023-03-18T12:04:48.581Z","level":"info","message":"Request received","method":"GET","service":"user-service","url":"/api-docs/swagger-ui.css"}
{"date":"2023-03-18T12:04:48.591Z","level":"info","message":"Request received","method":"GET","service":"user-service","url":"/api-docs/swagger-ui-bundle.js"}
{"date":"2023-03-18T12:04:48.604Z","level":"info","message":"Request received","method":"GET","service":"user-service","url":"/api-docs/swagger-ui-standalone-preset.js"}
{"date":"2023-03-18T12:04:48.609Z","level":"info","message":"Request received","method":"GET","service":"user-service","url":"/api-docs/swagger-ui-init.js"}
{"date":"2023-03-18T12:04:49.064Z","level":"info","message":"Request received","method":"GET","service":"user-service","url":"/api-docs/favicon-32x32.png"}
{"date":"2023-03-18T12:05:49.706Z","level":"info","message":"Request received","method":"GET","service":"user-service","url":"/api-docs/"}
{"date":"2023-03-18T12:05:49.785Z","level":"info","message":"Request received","method":"GET","service":"user-service","url":"/api-docs/swagger-ui.css"}
{"date":"2023-03-18T12:05:49.802Z","level":"info","message":"Request received","method":"GET","service":"user-service","url":"/api-docs/swagger-ui-bundle.js"}
{"date":"2023-03-18T12:05:49.816Z","level":"info","message":"Request received","method":"GET","service":"user-service","url":"/api-docs/swagger-ui-standalone-preset.js"}
{"date":"2023-03-18T12:05:49.825Z","level":"info","message":"Request received","method":"GET","service":"user-service","url":"/api-docs/swagger-ui-init.js"}
{"date":"2023-03-18T12:05:50.213Z","level":"info","message":"Request received","method":"GET","service":"user-service","url":"/api-docs/favicon-32x32.png"}
{"date":"2023-03-18T12:07:05.429Z","level":"info","message":"Request received","method":"GET","service":"user-service","url":"/api-docs/"}
{"date":"2023-03-18T12:07:05.494Z","level":"info","message":"Request received","method":"GET","service":"user-service","url":"/api-docs/swagger-ui.css"}
{"date":"2023-03-18T12:07:05.501Z","level":"info","message":"Request received","method":"GET","service":"user-service","url":"/api-docs/swagger-ui-bundle.js"}
{"date":"2023-03-18T12:07:05.514Z","level":"info","message":"Request received","method":"GET","service":"user-service","url":"/api-docs/swagger-ui-standalone-preset.js"}
{"date":"2023-03-18T12:07:05.520Z","level":"info","message":"Request received","method":"GET","service":"user-service","url":"/api-docs/swagger-ui-init.js"}
{"date":"2023-03-18T12:07:05.974Z","level":"info","message":"Request received","method":"GET","service":"user-service","url":"/api-docs/favicon-32x32.png"}
{"date":"2023-03-18T12:09:27.137Z","level":"info","message":"Request received","method":"GET","service":"user-service","url":"/api-docs/"}
{"date":"2023-03-18T12:09:27.200Z","level":"info","message":"Request received","method":"GET","service":"user-service","url":"/api-docs/swagger-ui.css"}
{"date":"2023-03-18T12:09:27.204Z","level":"info","message":"Request received","method":"GET","service":"user-service","url":"/api-docs/swagger-ui-bundle.js"}
{"date":"2023-03-18T12:09:27.213Z","level":"info","message":"Request received","method":"GET","service":"user-service","url":"/api-docs/swagger-ui-standalone-preset.js"}
{"date":"2023-03-18T12:09:27.231Z","level":"info","message":"Request received","method":"GET","service":"user-service","url":"/api-docs/swagger-ui-init.js"}
{"date":"2023-03-18T12:09:27.598Z","level":"info","message":"Request received","method":"GET","service":"user-service","url":"/api-docs/favicon-32x32.png"}
{"date":"2023-03-18T12:10:43.626Z","level":"info","message":"Request received","method":"GET","service":"user-service","url":"/api-docs/"}
{"date":"2023-03-18T12:10:43.728Z","level":"info","message":"Request received","method":"GET","service":"user-service","url":"/api-docs/swagger-ui.css"}
{"date":"2023-03-18T12:10:43.735Z","level":"info","message":"Request received","method":"GET","service":"user-service","url":"/api-docs/swagger-ui-bundle.js"}
{"date":"2023-03-18T12:10:43.741Z","level":"info","message":"Request received","method":"GET","service":"user-service","url":"/api-docs/swagger-ui-standalone-preset.js"}
{"date":"2023-03-18T12:10:43.755Z","level":"info","message":"Request received","method":"GET","service":"user-service","url":"/api-docs/swagger-ui-init.js"}
{"date":"2023-03-18T12:10:44.968Z","level":"info","message":"Request received","method":"GET","service":"user-service","url":"/api-docs/favicon-32x32.png"}
{"date":"2023-03-18T12:11:20.372Z","level":"info","message":"Request received","method":"GET","service":"user-service","url":"/api-docs/"}
{"date":"2023-03-18T12:11:20.452Z","level":"info","message":"Request received","method":"GET","service":"user-service","url":"/api-docs/swagger-ui.css"}
{"date":"2023-03-18T12:11:20.471Z","level":"info","message":"Request received","method":"GET","service":"user-service","url":"/api-docs/swagger-ui-bundle.js"}
{"date":"2023-03-18T12:11:20.475Z","level":"info","message":"Request received","method":"GET","service":"user-service","url":"/api-docs/swagger-ui-init.js"}
{"date":"2023-03-18T12:11:20.480Z","level":"info","message":"Request received","method":"GET","service":"user-service","url":"/api-docs/swagger-ui-standalone-preset.js"}
{"date":"2023-03-18T12:11:21.001Z","level":"info","message":"Request received","method":"GET","service":"user-service","url":"/api-docs/favicon-32x32.png"}
{"date":"2023-03-18T12:12:15.984Z","level":"info","message":"Request received","method":"GET","service":"user-service","url":"/api-docs/"}
{"date":"2023-03-18T12:12:16.073Z","level":"info","message":"Request received","method":"GET","service":"user-service","url":"/api-docs/swagger-ui.css"}
{"date":"2023-03-18T12:12:16.085Z","level":"info","message":"Request received","method":"GET","service":"user-service","url":"/api-docs/swagger-ui-standalone-preset.js"}
{"date":"2023-03-18T12:12:16.101Z","level":"info","message":"Request received","method":"GET","service":"user-service","url":"/api-docs/swagger-ui-bundle.js"}
{"date":"2023-03-18T12:12:16.104Z","level":"info","message":"Request received","method":"GET","service":"user-service","url":"/api-docs/swagger-ui-init.js"}
{"date":"2023-03-18T12:12:16.472Z","level":"info","message":"Request received","method":"GET","service":"user-service","url":"/api-docs/favicon-32x32.png"}
{"date":"2023-03-18T12:13:28.892Z","level":"info","message":"Request received","method":"GET","service":"user-service","url":"/api-docs/favicon-32x32.png"}
{"date":"2023-03-18T12:13:28.921Z","level":"info","message":"Request received","method":"GET","service":"user-service","url":"/api-docs/"}
{"date":"2023-03-18T12:13:29.107Z","level":"info","message":"Request received","method":"GET","service":"user-service","url":"/api-docs/swagger-ui.css"}
{"date":"2023-03-18T12:13:29.117Z","level":"info","message":"Request received","method":"GET","service":"user-service","url":"/api-docs/swagger-ui-bundle.js"}
{"date":"2023-03-18T12:13:29.121Z","level":"info","message":"Request received","method":"GET","service":"user-service","url":"/api-docs/swagger-ui-standalone-preset.js"}
{"date":"2023-03-18T12:13:29.123Z","level":"info","message":"Request received","method":"GET","service":"user-service","url":"/api-docs/swagger-ui-init.js"}
{"date":"2023-03-18T12:13:32.976Z","level":"info","message":"Request received","method":"GET","service":"user-service","url":"/api-docs/"}
{"date":"2023-03-18T12:13:33.029Z","level":"info","message":"Request received","method":"GET","service":"user-service","url":"/api-docs/swagger-ui.css"}
{"date":"2023-03-18T12:13:33.040Z","level":"info","message":"Request received","method":"GET","service":"user-service","url":"/api-docs/swagger-ui-bundle.js"}
{"date":"2023-03-18T12:13:33.049Z","level":"info","message":"Request received","method":"GET","service":"user-service","url":"/api-docs/swagger-ui-standalone-preset.js"}
{"date":"2023-03-18T12:13:33.056Z","level":"info","message":"Request received","method":"GET","service":"user-service","url":"/api-docs/swagger-ui-init.js"}
{"date":"2023-03-18T12:13:33.422Z","level":"info","message":"Request received","method":"GET","service":"user-service","url":"/api-docs/favicon-32x32.png"}
{"date":"2023-03-18T12:13:56.838Z","level":"info","message":"Request received","method":"GET","service":"user-service","url":"/api-docs/"}
{"date":"2023-03-18T12:13:56.912Z","level":"info","message":"Request received","method":"GET","service":"user-service","url":"/api-docs/swagger-ui.css"}
{"date":"2023-03-18T12:13:56.930Z","level":"info","message":"Request received","method":"GET","service":"user-service","url":"/api-docs/swagger-ui-bundle.js"}
{"date":"2023-03-18T12:13:56.937Z","level":"info","message":"Request received","method":"GET","service":"user-service","url":"/api-docs/swagger-ui-init.js"}
{"date":"2023-03-18T12:13:56.942Z","level":"info","message":"Request received","method":"GET","service":"user-service","url":"/api-docs/swagger-ui-standalone-preset.js"}
{"date":"2023-03-18T12:13:57.288Z","level":"info","message":"Request received","method":"GET","service":"user-service","url":"/api-docs/favicon-32x32.png"}
{"date":"2023-03-18T12:14:06.576Z","level":"info","message":"Request received","method":"GET","service":"user-service","url":"/api-docs/"}
{"date":"2023-03-18T12:14:06.625Z","level":"info","message":"Request received","method":"GET","service":"user-service","url":"/api-docs/swagger-ui.css"}
{"date":"2023-03-18T12:14:06.631Z","level":"info","message":"Request received","method":"GET","service":"user-service","url":"/api-docs/swagger-ui-bundle.js"}
{"date":"2023-03-18T12:14:06.646Z","level":"info","message":"Request received","method":"GET","service":"user-service","url":"/api-docs/swagger-ui-standalone-preset.js"}
{"date":"2023-03-18T12:14:06.657Z","level":"info","message":"Request received","method":"GET","service":"user-service","url":"/api-docs/swagger-ui-init.js"}
{"date":"2023-03-18T12:14:06.947Z","level":"info","message":"Request received","method":"GET","service":"user-service","url":"/api-docs/favicon-32x32.png"}
{"date":"2023-03-18T12:14:40.464Z","level":"info","message":"Request received","method":"GET","service":"user-service","url":"/api-docs/"}
{"date":"2023-03-18T12:14:40.572Z","level":"info","message":"Request received","method":"GET","service":"user-service","url":"/api-docs/swagger-ui.css"}
{"date":"2023-03-18T12:14:40.578Z","level":"info","message":"Request received","method":"GET","service":"user-service","url":"/api-docs/swagger-ui-bundle.js"}
{"date":"2023-03-18T12:14:40.586Z","level":"info","message":"Request received","method":"GET","service":"user-service","url":"/api-docs/swagger-ui-standalone-preset.js"}
{"date":"2023-03-18T12:14:40.609Z","level":"info","message":"Request received","method":"GET","service":"user-service","url":"/api-docs/swagger-ui-init.js"}
{"date":"2023-03-18T12:14:41.266Z","level":"info","message":"Request received","method":"GET","service":"user-service","url":"/api-docs/favicon-32x32.png"}
{"date":"2023-03-18T12:29:00.797Z","level":"info","message":"Request received","method":"GET","service":"user-service","url":"/"}
{"date":"2023-03-18T12:30:38.116Z","level":"info","message":"Request received","method":"GET","service":"user-service","url":"/"}
{"date":"2023-03-18T12:38:23.451Z","level":"info","message":"Request received","method":"GET","service":"user-service","url":"/api-docs/"}
{"date":"2024-06-14T23:32:25.628Z","level":"info","message":"Request received","method":"POST","service":"user-service","url":"/auth/login"}
{"date":"2024-06-14T23:32:25.954Z","level":"error","message":"User does not exist","method":"POST","service":"user-service","url":"/login"}
{"date":"2024-06-14T23:32:41.905Z","level":"info","message":"Request received","method":"POST","service":"user-service","url":"/auth/login"}
{"date":"2024-06-14T23:32:42.200Z","level":"error","message":"User does not exist","method":"POST","service":"user-service","url":"/login"}
{"date":"2024-06-14T23:32:45.755Z","level":"info","message":"Request received","method":"POST","service":"user-service","url":"/auth/login"}
{"date":"2024-06-14T23:32:46.039Z","level":"error","message":"User does not exist","method":"POST","service":"user-service","url":"/login"}
{"date":"2024-06-14T23:32:53.482Z","level":"info","message":"Request received","method":"POST","service":"user-service","url":"/auth/login"}
{"date":"2024-06-14T23:32:53.757Z","level":"error","message":"User does not exist","method":"POST","service":"user-service","url":"/login"}
{"date":"2024-06-14T23:33:53.347Z","level":"info","message":"Request received","method":"POST","service":"user-service","url":"/auth/login"}
{"date":"2024-06-14T23:33:53.641Z","level":"error","message":"User does not exist","method":"POST","service":"user-service","url":"/login"}
{"date":"2024-06-14T23:34:00.871Z","level":"info","message":"Request received","method":"POST","service":"user-service","url":"/auth/login"}
{"date":"2024-06-14T23:34:01.157Z","level":"error","message":"User does not exist","method":"POST","service":"user-service","url":"/login"}
{"date":"2024-06-14T23:35:18.059Z","level":"info","message":"Request received","method":"POST","service":"user-service","url":"/auth/login"}
{"date":"2024-06-14T23:35:18.339Z","level":"error","message":"User does not exist","method":"POST","service":"user-service","url":"/login"}
{"date":"2024-06-14T23:35:21.478Z","level":"info","message":"Request received","method":"POST","service":"user-service","url":"/auth/login"}
{"date":"2024-06-14T23:35:21.758Z","level":"error","message":"User does not exist","method":"POST","service":"user-service","url":"/login"}
{"date":"2024-06-14T23:37:03.607Z","level":"info","message":"Request received","method":"POST","service":"user-service","url":"/auth/login"}
{"date":"2024-06-14T23:37:03.894Z","level":"error","message":"User does not exist","method":"POST","service":"user-service","url":"/login"}
{"date":"2024-06-14T23:47:05.461Z","level":"info","message":"Request received","method":"POST","service":"user-service","url":"/auth/login"}
{"date":"2024-06-14T23:47:05.780Z","level":"error","message":"User does not exist","method":"POST","service":"user-service","url":"/login"}
{"date":"2024-06-14T23:47:24.534Z","level":"info","message":"Request received","method":"GET","service":"user-service","url":"/api-docs"}
{"date":"2024-06-14T23:47:24.560Z","level":"info","message":"Request received","method":"GET","service":"user-service","url":"/api-docs/"}
{"date":"2024-06-14T23:47:24.643Z","level":"info","message":"Request received","method":"GET","service":"user-service","url":"/api-docs/swagger-ui.css"}
{"date":"2024-06-14T23:47:24.654Z","level":"info","message":"Request received","method":"GET","service":"user-service","url":"/api-docs/swagger-ui-bundle.js"}
{"date":"2024-06-14T23:47:24.662Z","level":"info","message":"Request received","method":"GET","service":"user-service","url":"/api-docs/swagger-ui-standalone-preset.js"}
{"date":"2024-06-14T23:47:24.677Z","level":"info","message":"Request received","method":"GET","service":"user-service","url":"/api-docs/swagger-ui-init.js"}
{"date":"2024-06-14T23:47:24.703Z","level":"info","message":"Request received","method":"GET","service":"user-service","url":"/api-docs/swagger-ui-init.js"}
{"date":"2024-06-14T23:47:24.738Z","level":"info","message":"Request received","method":"GET","service":"user-service","url":"/api-docs/swagger-ui-standalone-preset.js"}
{"date":"2024-06-14T23:47:24.741Z","level":"info","message":"Request received","method":"GET","service":"user-service","url":"/api-docs/swagger-ui-bundle.js"}
{"date":"2024-06-14T23:47:25.527Z","level":"info","message":"Request received","method":"GET","service":"user-service","url":"/api-docs/favicon-32x32.png"}
{"date":"2024-06-14T23:47:26.441Z","level":"info","message":"Request received","method":"GET","service":"user-service","url":"/api-docs/favicon-32x32.png"}
{"date":"2024-06-14T23:47:46.883Z","level":"info","message":"Request received","method":"POST","service":"user-service","url":"/auth/register"}
{"date":"2024-06-15T00:09:13.370Z","level":"info","message":"Request received","method":"POST","service":"user-service","url":"/auth/register"}
{"date":"2024-06-15T00:09:13.799Z","level":"error","message":"E11000 duplicate key error collection: urbansoap-be.users index: email_1 dup key: { email: \"admin@rocket.com\" }","method":"POST","service":"user-service","url":"/register"}
{"date":"2024-06-15T00:09:50.922Z","level":"info","message":"Request received","method":"POST","service":"user-service","url":"/auth/register"}
{"date":"2024-06-15T00:09:51.344Z","level":"error","message":"E11000 duplicate key error collection: urbansoap-be.users index: email_1 dup key: { email: \"admin@rocket.com\" }","method":"POST","service":"user-service","url":"/register"}
{"date":"2024-06-15T00:10:04.475Z","level":"info","message":"Request received","method":"POST","service":"user-service","url":"/auth/register"}
{"date":"2024-06-15T00:10:04.678Z","level":"info","message":"Request received","method":"POST","service":"user-service","url":"/auth/login"}
{"date":"2024-06-15T00:10:06.376Z","level":"error","message":"User does not exist","method":"POST","service":"user-service","url":"/login"}
{"date":"2024-06-15T00:22:18.811Z","level":"info","message":"Request received","method":"POST","service":"user-service","url":"/auth/login"}
{"date":"2024-06-15T00:22:19.122Z","level":"error","message":"User does not exist","method":"POST","service":"user-service","url":"/login"}
{"date":"2024-06-15T00:22:22.317Z","level":"info","message":"Request received","method":"POST","service":"user-service","url":"/auth/login"}
{"date":"2024-06-15T00:22:22.602Z","level":"error","message":"User does not exist","method":"POST","service":"user-service","url":"/login"}
{"date":"2024-06-15T00:24:46.324Z","level":"info","message":"Request received","method":"POST","service":"user-service","url":"/auth/login"}
{"date":"2024-06-15T00:24:49.469Z","level":"info","message":"Request received","method":"POST","service":"user-service","url":"/auth/login"}
{"date":"2024-06-15T00:24:50.415Z","level":"info","message":"Request received","method":"POST","service":"user-service","url":"/auth/login"}
{"date":"2024-06-15T00:25:39.577Z","level":"info","message":"Request received","method":"POST","service":"user-service","url":"/auth/login"}
{"date":"2024-06-15T00:25:40.728Z","level":"info","message":"Request received","method":"POST","service":"user-service","url":"/auth/login"}
{"date":"2024-06-15T00:27:48.623Z","level":"info","message":"Request received","method":"POST","service":"user-service","url":"/auth/login"}
{"date":"2024-06-15T00:32:02.491Z","level":"info","message":"Request received","method":"POST","service":"user-service","url":"/auth/login"}
{"date":"2024-06-15T00:32:19.618Z","level":"info","message":"Request received","method":"POST","service":"user-service","url":"/auth/login"}
{"date":"2024-06-15T00:42:28.969Z","level":"info","message":"Request received","method":"POST","service":"user-service","url":"/auth/login"}
{"date":"2024-06-15T00:42:40.327Z","level":"info","message":"Request received","method":"POST","service":"user-service","url":"/auth/login"}
{"date":"2024-06-15T00:44:43.121Z","level":"info","message":"Request received","method":"POST","service":"user-service","url":"/auth/login"}
{"date":"2024-06-15T00:44:45.763Z","level":"info","message":"Request received","method":"POST","service":"user-service","url":"/auth/login"}
{"date":"2024-06-15T00:44:46.750Z","level":"info","message":"Request received","method":"POST","service":"user-service","url":"/auth/login"}
{"date":"2024-06-15T00:44:55.731Z","level":"info","message":"Request received","method":"POST","service":"user-service","url":"/auth/login"}
{"date":"2024-06-15T00:45:02.112Z","level":"info","message":"Request received","method":"POST","service":"user-service","url":"/auth/login"}
{"date":"2024-06-15T00:46:00.633Z","level":"info","message":"Request received","method":"POST","service":"user-service","url":"/auth/login"}
{"date":"2024-06-15T00:52:38.890Z","level":"info","message":"Request received","method":"POST","service":"user-service","url":"/auth/login"}
{"date":"2024-06-15T00:53:53.319Z","level":"info","message":"Request received","method":"POST","service":"user-service","url":"/auth/login"}
{"date":"2024-06-15T00:54:09.551Z","level":"info","message":"Request received","method":"POST","service":"user-service","url":"/auth/login"}
{"date":"2024-06-15T00:54:25.148Z","level":"info","message":"Request received","method":"POST","service":"user-service","url":"/auth/login"}
{"date":"2024-06-15T00:54:42.839Z","level":"info","message":"Request received","method":"POST","service":"user-service","url":"/auth/login"}
{"date":"2024-06-15T00:55:00.687Z","level":"info","message":"Request received","method":"POST","service":"user-service","url":"/auth/login"}
{"date":"2024-06-15T00:55:05.178Z","level":"info","message":"Request received","method":"POST","service":"user-service","url":"/auth/login"}
{"date":"2024-06-15T00:55:07.543Z","level":"info","message":"Request received","method":"POST","service":"user-service","url":"/auth/login"}
{"date":"2024-06-15T01:01:19.318Z","level":"info","message":"Request received","method":"POST","service":"user-service","url":"/auth/login"}
{"date":"2024-06-15T01:01:54.739Z","level":"info","message":"Request received","method":"POST","service":"user-service","url":"/auth/login"}
{"date":"2024-06-15T01:02:26.664Z","level":"info","message":"Request received","method":"POST","service":"user-service","url":"/auth/login"}
{"date":"2024-06-15T01:05:30.333Z","level":"info","message":"Request received","method":"POST","service":"user-service","url":"/auth/login"}
{"date":"2024-06-15T03:11:05.121Z","level":"info","message":"Request received","method":"POST","service":"user-service","url":"/auth/login"}
{"date":"2024-06-15T03:11:05.400Z","level":"error","message":"User does not exist","method":"POST","service":"user-service","url":"/login"}
{"date":"2024-06-15T03:11:50.181Z","level":"info","message":"Request received","method":"POST","service":"user-service","url":"/auth/login"}
{"date":"2024-06-15T04:22:07.678Z","level":"info","message":"Request received","method":"POST","service":"user-service","url":"/auth/login"}
{"date":"2024-06-15T04:22:07.988Z","level":"error","message":"User does not exist","method":"POST","service":"user-service","url":"/login"}
{"date":"2024-06-15T04:22:36.827Z","level":"info","message":"Request received","method":"POST","service":"user-service","url":"/auth/login"}
{"date":"2024-06-15T04:22:37.118Z","level":"error","message":"User does not exist","method":"POST","service":"user-service","url":"/login"}
{"date":"2024-06-20T13:20:25.685Z","level":"info","message":"Request received","method":"POST","service":"user-service","url":"/auth/login"}
{"date":"2024-06-20T13:22:37.598Z","level":"info","message":"Request received","method":"POST","service":"user-service","url":"/auth/login"}
{"date":"2024-06-20T13:22:37.955Z","level":"error","message":"Invalid credentials","method":"POST","service":"user-service","url":"/login"}
{"date":"2024-06-20T13:22:43.685Z","level":"info","message":"Request received","method":"POST","service":"user-service","url":"/auth/login"}
{"date":"2024-06-20T13:35:07.208Z","level":"info","message":"Request received","method":"GET","service":"user-service","url":"/api-docs/"}
{"date":"2024-06-20T13:35:07.283Z","level":"info","message":"Request received","method":"GET","service":"user-service","url":"/api-docs/swagger-ui.css"}
{"date":"2024-06-20T13:35:07.305Z","level":"info","message":"Request received","method":"GET","service":"user-service","url":"/api-docs/swagger-ui-bundle.js"}
{"date":"2024-06-20T13:35:07.307Z","level":"info","message":"Request received","method":"GET","service":"user-service","url":"/api-docs/swagger-ui-standalone-preset.js"}
{"date":"2024-06-20T13:35:07.310Z","level":"info","message":"Request received","method":"GET","service":"user-service","url":"/api-docs/swagger-ui-init.js"}
{"date":"2024-06-20T13:35:07.363Z","level":"info","message":"Request received","method":"GET","service":"user-service","url":"/api-docs/swagger-ui-init.js"}
{"date":"2024-06-20T13:35:07.863Z","level":"info","message":"Request received","method":"GET","service":"user-service","url":"/api-docs/swagger-ui-standalone-preset.js"}
{"date":"2024-06-20T13:35:07.868Z","level":"info","message":"Request received","method":"GET","service":"user-service","url":"/api-docs/swagger-ui-bundle.js"}
{"date":"2024-06-20T13:35:08.912Z","level":"info","message":"Request received","method":"GET","service":"user-service","url":"/api-docs/favicon-32x32.png"}
{"date":"2024-06-20T13:36:06.674Z","level":"info","message":"Request received","method":"GET","service":"user-service","url":"/api-docs/"}
{"date":"2024-06-20T13:36:06.798Z","level":"info","message":"Request received","method":"GET","service":"user-service","url":"/api-docs/swagger-ui.css"}
{"date":"2024-06-20T13:36:06.822Z","level":"info","message":"Request received","method":"GET","service":"user-service","url":"/api-docs/swagger-ui-bundle.js"}
{"date":"2024-06-20T13:36:06.824Z","level":"info","message":"Request received","method":"GET","service":"user-service","url":"/api-docs/swagger-ui-standalone-preset.js"}
{"date":"2024-06-20T13:36:06.827Z","level":"info","message":"Request received","method":"GET","service":"user-service","url":"/api-docs/swagger-ui-init.js"}
{"date":"2024-06-20T13:36:06.861Z","level":"info","message":"Request received","method":"GET","service":"user-service","url":"/api-docs/swagger-ui-standalone-preset.js"}
{"date":"2024-06-20T13:36:06.864Z","level":"info","message":"Request received","method":"GET","service":"user-service","url":"/api-docs/swagger-ui-init.js"}
{"date":"2024-06-20T13:36:06.867Z","level":"info","message":"Request received","method":"GET","service":"user-service","url":"/api-docs/swagger-ui-bundle.js"}
{"date":"2024-06-20T13:36:07.322Z","level":"info","message":"Request received","method":"GET","service":"user-service","url":"/api-docs/favicon-32x32.png"}
{"date":"2024-06-20T14:15:47.685Z","level":"info","message":"Request received","method":"POST","service":"user-service","url":"/auth/login"}
{"date":"2024-06-20T14:16:54.384Z","level":"info","message":"Request received","method":"POST","service":"user-service","url":"/auth/login"}
{"date":"2024-06-20T14:16:56.280Z","level":"info","message":"Request received","method":"POST","service":"user-service","url":"/auth/login"}
{"date":"2024-06-20T14:16:57.628Z","level":"info","message":"Request received","method":"POST","service":"user-service","url":"/auth/login"}
{"date":"2024-06-20T14:17:24.542Z","level":"info","message":"Request received","method":"POST","service":"user-service","url":"/auth/login"}
{"date":"2024-06-20T14:18:26.609Z","level":"info","message":"Request received","method":"POST","service":"user-service","url":"/auth/login"}
{"date":"2024-06-20T14:18:28.456Z","level":"info","message":"Request received","method":"POST","service":"user-service","url":"/auth/login"}
{"date":"2024-06-20T14:18:45.317Z","level":"info","message":"Request received","method":"POST","service":"user-service","url":"/auth/login"}
{"date":"2024-06-20T14:20:57.596Z","level":"info","message":"Request received","method":"POST","service":"user-service","url":"/auth/login"}
{"date":"2024-06-20T14:23:55.799Z","level":"info","message":"Request received","method":"POST","service":"user-service","url":"/auth/login"}
{"date":"2024-06-20T14:29:54.237Z","level":"info","message":"Request received","method":"POST","service":"user-service","url":"/auth/login"}
{"date":"2024-06-20T14:29:57.909Z","level":"info","message":"Request received","method":"POST","service":"user-service","url":"/auth/login"}
{"date":"2024-06-20T14:47:19.902Z","level":"info","message":"Request received","method":"POST","service":"user-service","url":"/auth/login"}
{"date":"2024-06-20T14:47:47.749Z","level":"info","message":"Request received","method":"POST","service":"user-service","url":"/auth/login"}
{"date":"2024-06-20T14:48:09.804Z","level":"info","message":"Request received","method":"POST","service":"user-service","url":"/auth/login"}
{"date":"2024-06-20T14:51:51.875Z","level":"info","message":"Request received","method":"POST","service":"user-service","url":"/auth/login"}
{"date":"2024-06-20T15:05:09.541Z","level":"info","message":"Request received","method":"POST","service":"user-service","url":"/admin/createUser"}
{"date":"2024-06-20T15:05:17.132Z","level":"info","message":"Request received","method":"GET","service":"user-service","url":"/api-docs/"}
{"date":"2024-06-20T15:05:17.195Z","level":"info","message":"Request received","method":"GET","service":"user-service","url":"/api-docs/swagger-ui.css"}
{"date":"2024-06-20T15:05:17.207Z","level":"info","message":"Request received","method":"GET","service":"user-service","url":"/api-docs/swagger-ui-bundle.js"}
{"date":"2024-06-20T15:05:17.209Z","level":"info","message":"Request received","method":"GET","service":"user-service","url":"/api-docs/swagger-ui-standalone-preset.js"}
{"date":"2024-06-20T15:05:17.215Z","level":"info","message":"Request received","method":"GET","service":"user-service","url":"/api-docs/swagger-ui-init.js"}
{"date":"2024-06-20T15:05:18.219Z","level":"info","message":"Request received","method":"GET","service":"user-service","url":"/api-docs/favicon-32x32.png"}
{"date":"2024-06-20T15:07:12.143Z","level":"info","message":"Request received","method":"POST","service":"user-service","url":"/admin/createUser"}
{"date":"2024-06-20T15:14:49.290Z","level":"info","message":"Request received","method":"POST","service":"user-service","url":"/admin/createUser"}
{"date":"2024-06-20T15:15:29.606Z","level":"info","message":"Request received","method":"POST","service":"user-service","url":"/admin/createUser"}
{"date":"2024-06-20T15:15:30.256Z","level":"error","message":"user.getJwtToken is not a function","method":"POST","service":"user-service","url":"/createUser"}
{"date":"2024-06-20T15:16:31.166Z","level":"info","message":"Request received","method":"POST","service":"user-service","url":"/admin/createUser"}
{"date":"2024-06-20T15:16:31.735Z","level":"error","message":"E11000 duplicate key error collection: rocket-be.users index: email_1 dup key: { email: \"ali@gmail.com\" }","method":"POST","service":"user-service","url":"/createUser"}
{"date":"2024-06-20T15:18:40.637Z","level":"info","message":"Request received","method":"POST","service":"user-service","url":"/admin/createUser"}
{"date":"2024-06-20T15:18:41.213Z","level":"error","message":"E11000 duplicate key error collection: rocket-be.users index: email_1 dup key: { email: \"ali@gmail.com\" }","method":"POST","service":"user-service","url":"/createUser"}
{"date":"2024-06-20T15:19:43.279Z","level":"info","message":"Request received","method":"POST","service":"user-service","url":"/admin/createUser"}
{"date":"2024-06-20T15:19:43.856Z","level":"error","message":"user.getJwtToken is not a function","method":"POST","service":"user-service","url":"/createUser"}
{"date":"2024-06-20T15:22:34.466Z","level":"info","message":"Request received","method":"POST","service":"user-service","url":"/admin/createUser"}
{"date":"2024-06-20T15:22:35.111Z","level":"error","message":"E11000 duplicate key error collection: rocket-be.users index: email_1 dup key: { email: \"ali@gmail.com\" }","method":"POST","service":"user-service","url":"/createUser"}
{"date":"2024-06-20T15:24:24.884Z","level":"info","message":"Request received","method":"POST","service":"user-service","url":"/admin/createUser"}
{"date":"2024-06-20T15:24:25.466Z","level":"error","message":"E11000 duplicate key error collection: rocket-be.users index: email_1 dup key: { email: \"ali@gmail.com\" }","method":"POST","service":"user-service","url":"/createUser"}
{"date":"2024-06-20T15:25:08.775Z","level":"info","message":"Request received","method":"POST","service":"user-service","url":"/admin/createUser"}
{"date":"2024-06-20T15:25:09.337Z","level":"error","message":"E11000 duplicate key error collection: rocket-be.users index: email_1 dup key: { email: \"ali@gmail.com\" }","method":"POST","service":"user-service","url":"/createUser"}
{"date":"2024-06-20T15:26:16.589Z","level":"info","message":"Request received","method":"POST","service":"user-service","url":"/admin/createUser"}
{"date":"2024-06-20T15:26:17.150Z","level":"error","message":"user.getJwtToken is not a function","method":"POST","service":"user-service","url":"/createUser"}
{"date":"2024-06-20T15:28:15.217Z","level":"info","message":"Request received","method":"POST","service":"user-service","url":"/admin/createUser"}
{"date":"2024-06-20T15:28:15.831Z","level":"error","message":"E11000 duplicate key error collection: rocket-be.users index: email_1 dup key: { email: \"ali@gmail.com\" }","method":"POST","service":"user-service","url":"/createUser"}
{"date":"2024-06-20T15:30:08.331Z","level":"info","message":"Request received","method":"POST","service":"user-service","url":"/admin/createUser"}
{"date":"2024-06-20T15:30:08.913Z","level":"error","message":"E11000 duplicate key error collection: rocket-be.users index: email_1 dup key: { email: \"ali@gmail.com\" }","method":"POST","service":"user-service","url":"/createUser"}
{"date":"2024-06-20T15:31:01.672Z","level":"info","message":"Request received","method":"POST","service":"user-service","url":"/admin/createUser"}
{"date":"2024-06-20T15:31:02.292Z","level":"error","message":"user.getJwtToken is not a function","method":"POST","service":"user-service","url":"/createUser"}
{"date":"2024-06-20T15:31:27.276Z","level":"info","message":"Request received","method":"POST","service":"user-service","url":"/admin/createUser"}
{"date":"2024-06-20T15:31:27.832Z","level":"error","message":"E11000 duplicate key error collection: rocket-be.users index: email_1 dup key: { email: \"sd@gmail.com\" }","method":"POST","service":"user-service","url":"/createUser"}
{"date":"2024-06-20T15:32:00.821Z","level":"info","message":"Request received","method":"GET","service":"user-service","url":"/api-docs/"}
{"date":"2024-06-20T15:32:00.885Z","level":"info","message":"Request received","method":"GET","service":"user-service","url":"/api-docs/swagger-ui.css"}
{"date":"2024-06-20T15:32:00.889Z","level":"info","message":"Request received","method":"GET","service":"user-service","url":"/api-docs/swagger-ui-bundle.js"}
{"date":"2024-06-20T15:32:00.894Z","level":"info","message":"Request received","method":"GET","service":"user-service","url":"/api-docs/swagger-ui-standalone-preset.js"}
{"date":"2024-06-20T15:32:00.895Z","level":"info","message":"Request received","method":"GET","service":"user-service","url":"/api-docs/swagger-ui-init.js"}
{"date":"2024-06-20T15:32:01.815Z","level":"info","message":"Request received","method":"GET","service":"user-service","url":"/api-docs/favicon-32x32.png"}
{"date":"2024-06-20T15:32:59.336Z","level":"info","message":"Request received","method":"POST","service":"user-service","url":"/admin/createUser"}
{"date":"2024-06-20T15:32:59.917Z","level":"error","message":"user.getJwtToken is not a function","method":"POST","service":"user-service","url":"/createUser"}
{"date":"2024-06-20T15:36:44.448Z","level":"info","message":"Request received","method":"POST","service":"user-service","url":"/admin/createUser"}
{"date":"2024-06-20T15:36:46.176Z","level":"error","message":"E11000 duplicate key error collection: rocket-be.users index: email_1 dup key: { email: \"kjkj@gmail.com\" }","method":"POST","service":"user-service","url":"/createUser"}
{"date":"2024-06-20T15:38:17.669Z","level":"info","message":"Request received","method":"POST","service":"user-service","url":"/admin/createUser"}
{"date":"2024-06-20T15:38:18.221Z","level":"error","message":"E11000 duplicate key error collection: rocket-be.users index: email_1 dup key: { email: \"ali@gmail.com\" }","method":"POST","service":"user-service","url":"/createUser"}
{"date":"2024-06-20T15:39:03.526Z","level":"info","message":"Request received","method":"POST","service":"user-service","url":"/admin/createUser"}
{"date":"2024-06-20T15:40:50.116Z","level":"info","message":"Request received","method":"POST","service":"user-service","url":"/admin/createUser"}
{"date":"2024-06-20T15:40:50.340Z","level":"error","message":"user validation failed: role: `manager` is not a valid enum value for path `role`.","method":"POST","service":"user-service","url":"/createUser"}
{"date":"2024-06-20T15:41:31.614Z","level":"info","message":"Request received","method":"POST","service":"user-service","url":"/admin/createUser"}
{"date":"2024-06-20T15:53:12.737Z","level":"info","message":"Request received","method":"GET","service":"user-service","url":"/admin/getUsers"}
{"date":"2024-06-20T15:53:28.488Z","level":"info","message":"Request received","method":"GET","service":"user-service","url":"/admin/getUsers"}
{"date":"2024-06-20T15:54:41.673Z","level":"info","message":"Request received","method":"GET","service":"user-service","url":"/admin/getUsers"}
{"date":"2024-06-20T15:54:51.157Z","level":"info","message":"Request received","method":"GET","service":"user-service","url":"/admin/getUsers"}
{"date":"2024-06-20T16:30:49.554Z","level":"info","message":"Request received","method":"GET","service":"user-service","url":"/admin/jobs?sort=desc&page=1&limit=10&search=&status=open"}
{"date":"2024-06-20T16:30:49.743Z","level":"info","message":"Request received","method":"GET","service":"user-service","url":"/uploads/1718284268807-Screenshot%20from%202024-06-10%2020-15-23.png"}
{"date":"2024-06-20T19:22:50.061Z","level":"info","message":"Request received","method":"POST","service":"user-service","url":"/auth/login"}
{"date":"2024-06-20T19:23:50.775Z","level":"info","message":"Request received","method":"GET","service":"user-service","url":"/admin/getUsers"}
{"date":"2024-06-20T19:42:10.946Z","level":"info","message":"Request received","method":"GET","service":"user-service","url":"/admin/getUsers"}
{"date":"2024-06-20T19:52:58.851Z","level":"info","message":"Request received","method":"PUT","service":"user-service","url":"/admin/updateUser/undefined"}
{"date":"2024-06-20T19:52:59.082Z","level":"error","message":"Email and password cannot be updated here","method":"PUT","service":"user-service","url":"/updateUser/undefined"}
{"date":"2024-06-20T19:53:02.055Z","level":"info","message":"Request received","method":"PUT","service":"user-service","url":"/admin/updateUser/undefined"}
{"date":"2024-06-20T19:53:02.284Z","level":"error","message":"Email and password cannot be updated here","method":"PUT","service":"user-service","url":"/updateUser/undefined"}
{"date":"2024-06-20T19:57:19.560Z","level":"info","message":"Request received","method":"GET","service":"user-service","url":"/admin/getUsers"}
{"date":"2024-06-20T19:59:21.909Z","level":"info","message":"Request received","method":"GET","service":"user-service","url":"/admin/getUsers"}
{"date":"2024-06-20T19:59:26.385Z","level":"info","message":"Request received","method":"GET","service":"user-service","url":"/admin/getUsers"}
{"date":"2024-06-20T20:01:41.822Z","level":"info","message":"Request received","method":"GET","service":"user-service","url":"/admin/getUsers"}
{"date":"2024-06-20T20:18:35.930Z","level":"info","message":"Request received","method":"POST","service":"user-service","url":"/admin/createUser"}
{"date":"2024-06-21T13:25:54.911Z","level":"info","message":"Request received","method":"POST","service":"user-service","url":"/auth/login"}
{"date":"2024-06-21T13:26:18.396Z","level":"info","message":"Request received","method":"GET","service":"user-service","url":"/admin/getUsers"}
{"date":"2024-06-21T13:26:45.045Z","level":"info","message":"Request received","method":"GET","service":"user-service","url":"/admin/getUsers"}
{"date":"2024-06-21T13:26:48.878Z","level":"info","message":"Request received","method":"GET","service":"user-service","url":"/admin/getUsers"}
{"date":"2024-06-21T13:26:58.628Z","level":"info","message":"Request received","method":"PUT","service":"user-service","url":"/admin/updateUser/6674cae10f2ecb2e9d25bc9d"}
{"date":"2024-06-21T13:26:59.298Z","level":"error","message":"Email and password cannot be updated here","method":"PUT","service":"user-service","url":"/updateUser/6674cae10f2ecb2e9d25bc9d"}
{"date":"2024-06-21T13:27:00.797Z","level":"info","message":"Request received","method":"PUT","service":"user-service","url":"/admin/updateUser/6674cae10f2ecb2e9d25bc9d"}
{"date":"2024-06-21T13:27:01.009Z","level":"info","message":"Request received","method":"PUT","service":"user-service","url":"/admin/updateUser/6674cae10f2ecb2e9d25bc9d"}
{"date":"2024-06-21T13:27:01.023Z","level":"error","message":"Email and password cannot be updated here","method":"PUT","service":"user-service","url":"/updateUser/6674cae10f2ecb2e9d25bc9d"}
{"date":"2024-06-21T13:27:01.197Z","level":"info","message":"Request received","method":"PUT","service":"user-service","url":"/admin/updateUser/6674cae10f2ecb2e9d25bc9d"}
{"date":"2024-06-21T13:27:01.430Z","level":"error","message":"Email and password cannot be updated here","method":"PUT","service":"user-service","url":"/updateUser/6674cae10f2ecb2e9d25bc9d"}
{"date":"2024-06-21T13:27:01.553Z","level":"info","message":"Request received","method":"PUT","service":"user-service","url":"/admin/updateUser/6674cae10f2ecb2e9d25bc9d"}
{"date":"2024-06-21T13:27:01.737Z","level":"info","message":"Request received","method":"PUT","service":"user-service","url":"/admin/updateUser/6674cae10f2ecb2e9d25bc9d"}
{"date":"2024-06-21T13:27:01.774Z","level":"error","message":"Email and password cannot be updated here","method":"PUT","service":"user-service","url":"/updateUser/6674cae10f2ecb2e9d25bc9d"}
{"date":"2024-06-21T13:27:02.963Z","level":"error","message":"Email and password cannot be updated here","method":"PUT","service":"user-service","url":"/updateUser/6674cae10f2ecb2e9d25bc9d"}
{"date":"2024-06-21T13:27:05.286Z","level":"error","message":"Email and password cannot be updated here","method":"PUT","service":"user-service","url":"/updateUser/6674cae10f2ecb2e9d25bc9d"}
{"date":"2024-06-21T13:27:16.505Z","level":"info","message":"Request received","method":"DELETE","service":"user-service","url":"/admin/deleteUser/6674e0f7ba1cdba74b32550c"}
{"date":"2024-06-21T13:27:17.202Z","level":"info","message":"Request received","method":"GET","service":"user-service","url":"/admin/getUsers"}
{"date":"2024-06-21T13:33:13.237Z","level":"info","message":"Request received","method":"GET","service":"user-service","url":"/admin/getUsers"}
{"date":"2024-06-21T13:33:36.561Z","level":"info","message":"Request received","method":"GET","service":"user-service","url":"/admin/getUsers"}
{"date":"2024-06-21T13:34:13.817Z","level":"info","message":"Request received","method":"GET","service":"user-service","url":"/admin/getUsers"}
{"date":"2024-06-21T13:51:20.018Z","level":"info","message":"Request received","method":"GET","service":"user-service","url":"/admin/getUsers"}
{"date":"2024-06-21T13:53:44.349Z","level":"info","message":"Request received","method":"GET","service":"user-service","url":"/"}
{"date":"2024-06-21T13:53:46.730Z","level":"info","message":"Request received","method":"GET","service":"user-service","url":"/favicon.ico"}
{"date":"2024-06-21T13:53:46.757Z","level":"info","message":"Request received","method":"GET","service":"user-service","url":"/admin/getUsers"}
{"date":"2024-06-21T13:55:37.466Z","level":"info","message":"Request received","method":"GET","service":"user-service","url":"/"}
{"date":"2024-06-21T13:55:55.792Z","level":"info","message":"Request received","method":"GET","service":"user-service","url":"/"}
{"date":"2024-06-21T13:56:50.402Z","level":"info","message":"Request received","method":"GET","service":"user-service","url":"/admin/getUsers"}
{"date":"2024-06-21T13:57:29.918Z","level":"info","message":"Request received","method":"GET","service":"user-service","url":"/admin/getUsers"}
{"date":"2024-06-21T13:57:38.416Z","level":"info","message":"Request received","method":"GET","service":"user-service","url":"/admin/getUsers"}
{"date":"2024-06-21T13:57:48.394Z","level":"info","message":"Request received","method":"GET","service":"user-service","url":"/admin/getUsers"}
{"date":"2024-06-21T13:58:01.385Z","level":"info","message":"Request received","method":"GET","service":"user-service","url":"/admin/getUsers"}
{"date":"2024-06-21T13:58:26.185Z","level":"info","message":"Request received","method":"GET","service":"user-service","url":"/admin/getUsers"}
{"date":"2024-06-21T13:58:40.555Z","level":"info","message":"Request received","method":"GET","service":"user-service","url":"/admin/getUsers"}
{"date":"2024-06-21T14:00:17.830Z","level":"info","message":"Request received","method":"GET","service":"user-service","url":"/admin/getUsers"}
{"date":"2024-06-21T14:00:27.221Z","level":"info","message":"Request received","method":"GET","service":"user-service","url":"/admin/getUsers"}
{"date":"2024-06-21T14:02:02.654Z","level":"info","message":"Request received","method":"GET","service":"user-service","url":"/admin/getUsers"}
{"date":"2024-06-21T14:02:09.449Z","level":"info","message":"Request received","method":"GET","service":"user-service","url":"/admin/getUsers"}
{"date":"2024-06-21T14:02:27.678Z","level":"info","message":"Request received","method":"GET","service":"user-service","url":"/admin/getUsers"}
{"date":"2024-06-21T14:03:04.442Z","level":"info","message":"Request received","method":"GET","service":"user-service","url":"/admin/getUsers"}
{"date":"2024-06-21T14:04:39.634Z","level":"info","message":"Request received","method":"POST","service":"user-service","url":"/admin/createUser"}
{"date":"2024-06-21T14:05:48.179Z","level":"info","message":"Request received","method":"GET","service":"user-service","url":"/admin/getUsers"}
{"date":"2024-06-21T14:08:41.098Z","level":"info","message":"Request received","method":"GET","service":"user-service","url":"/admin/getUsers"}
{"date":"2024-06-21T14:09:06.877Z","level":"info","message":"Request received","method":"GET","service":"user-service","url":"/admin/getUsers"}
{"date":"2024-06-21T14:09:11.691Z","level":"info","message":"Request received","method":"GET","service":"user-service","url":"/admin/getUsers"}
{"date":"2024-06-21T14:09:50.049Z","level":"info","message":"Request received","method":"GET","service":"user-service","url":"/admin/getUsers"}
{"date":"2024-06-21T14:09:52.488Z","level":"info","message":"Request received","method":"GET","service":"user-service","url":"/admin/getUsers"}
{"date":"2024-06-21T14:10:36.234Z","level":"info","message":"Request received","method":"GET","service":"user-service","url":"/admin/getUsers"}
{"date":"2024-06-21T14:10:49.444Z","level":"info","message":"Request received","method":"GET","service":"user-service","url":"/admin/getUsers"}
{"date":"2024-06-21T14:11:42.710Z","level":"info","message":"Request received","method":"GET","service":"user-service","url":"/admin/getUsers"}
{"date":"2024-06-21T14:12:37.621Z","level":"info","message":"Request received","method":"GET","service":"user-service","url":"/admin/getUsers"}
{"date":"2024-06-21T14:12:47.519Z","level":"info","message":"Request received","method":"GET","service":"user-service","url":"/admin/getUsers"}
