{"date":"2024-06-14T23:32:25.954Z","level":"error","message":"User does not exist","method":"POST","service":"user-service","url":"/login"}
{"date":"2024-06-14T23:32:42.200Z","level":"error","message":"User does not exist","method":"POST","service":"user-service","url":"/login"}
{"date":"2024-06-14T23:32:46.039Z","level":"error","message":"User does not exist","method":"POST","service":"user-service","url":"/login"}
{"date":"2024-06-14T23:32:53.757Z","level":"error","message":"User does not exist","method":"POST","service":"user-service","url":"/login"}
{"date":"2024-06-14T23:33:53.641Z","level":"error","message":"User does not exist","method":"POST","service":"user-service","url":"/login"}
{"date":"2024-06-14T23:34:01.157Z","level":"error","message":"User does not exist","method":"POST","service":"user-service","url":"/login"}
{"date":"2024-06-14T23:35:18.339Z","level":"error","message":"User does not exist","method":"POST","service":"user-service","url":"/login"}
{"date":"2024-06-14T23:35:21.758Z","level":"error","message":"User does not exist","method":"POST","service":"user-service","url":"/login"}
{"date":"2024-06-14T23:37:03.894Z","level":"error","message":"User does not exist","method":"POST","service":"user-service","url":"/login"}
{"date":"2024-06-14T23:47:05.780Z","level":"error","message":"User does not exist","method":"POST","service":"user-service","url":"/login"}
{"date":"2024-06-15T00:09:13.799Z","level":"error","message":"E11000 duplicate key error collection: urbansoap-be.users index: email_1 dup key: { email: \"admin@rocket.com\" }","method":"POST","service":"user-service","url":"/register"}
{"date":"2024-06-15T00:09:51.344Z","level":"error","message":"E11000 duplicate key error collection: urbansoap-be.users index: email_1 dup key: { email: \"admin@rocket.com\" }","method":"POST","service":"user-service","url":"/register"}
{"date":"2024-06-15T00:10:06.376Z","level":"error","message":"User does not exist","method":"POST","service":"user-service","url":"/login"}
{"date":"2024-06-15T00:22:19.122Z","level":"error","message":"User does not exist","method":"POST","service":"user-service","url":"/login"}
{"date":"2024-06-15T00:22:22.602Z","level":"error","message":"User does not exist","method":"POST","service":"user-service","url":"/login"}
{"date":"2024-06-15T03:11:05.400Z","level":"error","message":"User does not exist","method":"POST","service":"user-service","url":"/login"}
{"date":"2024-06-15T04:22:07.988Z","level":"error","message":"User does not exist","method":"POST","service":"user-service","url":"/login"}
{"date":"2024-06-15T04:22:37.118Z","level":"error","message":"User does not exist","method":"POST","service":"user-service","url":"/login"}
{"date":"2024-06-20T13:22:37.955Z","level":"error","message":"Invalid credentials","method":"POST","service":"user-service","url":"/login"}
{"date":"2024-06-20T15:15:30.256Z","level":"error","message":"user.getJwtToken is not a function","method":"POST","service":"user-service","url":"/createUser"}
{"date":"2024-06-20T15:16:31.735Z","level":"error","message":"E11000 duplicate key error collection: rocket-be.users index: email_1 dup key: { email: \"ali@gmail.com\" }","method":"POST","service":"user-service","url":"/createUser"}
{"date":"2024-06-20T15:18:41.213Z","level":"error","message":"E11000 duplicate key error collection: rocket-be.users index: email_1 dup key: { email: \"ali@gmail.com\" }","method":"POST","service":"user-service","url":"/createUser"}
{"date":"2024-06-20T15:19:43.856Z","level":"error","message":"user.getJwtToken is not a function","method":"POST","service":"user-service","url":"/createUser"}
{"date":"2024-06-20T15:22:35.111Z","level":"error","message":"E11000 duplicate key error collection: rocket-be.users index: email_1 dup key: { email: \"ali@gmail.com\" }","method":"POST","service":"user-service","url":"/createUser"}
{"date":"2024-06-20T15:24:25.466Z","level":"error","message":"E11000 duplicate key error collection: rocket-be.users index: email_1 dup key: { email: \"ali@gmail.com\" }","method":"POST","service":"user-service","url":"/createUser"}
{"date":"2024-06-20T15:25:09.337Z","level":"error","message":"E11000 duplicate key error collection: rocket-be.users index: email_1 dup key: { email: \"ali@gmail.com\" }","method":"POST","service":"user-service","url":"/createUser"}
{"date":"2024-06-20T15:26:17.150Z","level":"error","message":"user.getJwtToken is not a function","method":"POST","service":"user-service","url":"/createUser"}
{"date":"2024-06-20T15:28:15.831Z","level":"error","message":"E11000 duplicate key error collection: rocket-be.users index: email_1 dup key: { email: \"ali@gmail.com\" }","method":"POST","service":"user-service","url":"/createUser"}
{"date":"2024-06-20T15:30:08.913Z","level":"error","message":"E11000 duplicate key error collection: rocket-be.users index: email_1 dup key: { email: \"ali@gmail.com\" }","method":"POST","service":"user-service","url":"/createUser"}
{"date":"2024-06-20T15:31:02.292Z","level":"error","message":"user.getJwtToken is not a function","method":"POST","service":"user-service","url":"/createUser"}
{"date":"2024-06-20T15:31:27.832Z","level":"error","message":"E11000 duplicate key error collection: rocket-be.users index: email_1 dup key: { email: \"sd@gmail.com\" }","method":"POST","service":"user-service","url":"/createUser"}
{"date":"2024-06-20T15:32:59.917Z","level":"error","message":"user.getJwtToken is not a function","method":"POST","service":"user-service","url":"/createUser"}
{"date":"2024-06-20T15:36:46.176Z","level":"error","message":"E11000 duplicate key error collection: rocket-be.users index: email_1 dup key: { email: \"kjkj@gmail.com\" }","method":"POST","service":"user-service","url":"/createUser"}
{"date":"2024-06-20T15:38:18.221Z","level":"error","message":"E11000 duplicate key error collection: rocket-be.users index: email_1 dup key: { email: \"ali@gmail.com\" }","method":"POST","service":"user-service","url":"/createUser"}
{"date":"2024-06-20T15:40:50.340Z","level":"error","message":"user validation failed: role: `manager` is not a valid enum value for path `role`.","method":"POST","service":"user-service","url":"/createUser"}
{"date":"2024-06-20T19:52:59.082Z","level":"error","message":"Email and password cannot be updated here","method":"PUT","service":"user-service","url":"/updateUser/undefined"}
{"date":"2024-06-20T19:53:02.284Z","level":"error","message":"Email and password cannot be updated here","method":"PUT","service":"user-service","url":"/updateUser/undefined"}
{"date":"2024-06-21T13:26:59.298Z","level":"error","message":"Email and password cannot be updated here","method":"PUT","service":"user-service","url":"/updateUser/6674cae10f2ecb2e9d25bc9d"}
{"date":"2024-06-21T13:27:01.023Z","level":"error","message":"Email and password cannot be updated here","method":"PUT","service":"user-service","url":"/updateUser/6674cae10f2ecb2e9d25bc9d"}
{"date":"2024-06-21T13:27:01.430Z","level":"error","message":"Email and password cannot be updated here","method":"PUT","service":"user-service","url":"/updateUser/6674cae10f2ecb2e9d25bc9d"}
{"date":"2024-06-21T13:27:01.774Z","level":"error","message":"Email and password cannot be updated here","method":"PUT","service":"user-service","url":"/updateUser/6674cae10f2ecb2e9d25bc9d"}
{"date":"2024-06-21T13:27:02.963Z","level":"error","message":"Email and password cannot be updated here","method":"PUT","service":"user-service","url":"/updateUser/6674cae10f2ecb2e9d25bc9d"}
{"date":"2024-06-21T13:27:05.286Z","level":"error","message":"Email and password cannot be updated here","method":"PUT","service":"user-service","url":"/updateUser/6674cae10f2ecb2e9d25bc9d"}
{"date":"2024-06-21T14:49:14.093Z","level":"error","message":"E11000 duplicate key error collection: rocket-be.users index: email_1 dup key: { email: \"zubarif234@gmail.com\" }","method":"POST","service":"user-service","url":"/createUser"}
{"date":"2024-06-21T14:49:14.964Z","level":"error","message":"E11000 duplicate key error collection: rocket-be.users index: email_1 dup key: { email: \"zubarif234@gmail.com\" }","method":"POST","service":"user-service","url":"/createUser"}
{"date":"2024-06-21T15:12:20.519Z","level":"error","message":"E11000 duplicate key error collection: rocket-be.users index: email_1 dup key: { email: \"zubarif234@gmail.com\" }","method":"POST","service":"user-service","url":"/createUser"}
{"date":"2024-06-21T15:12:49.503Z","level":"error","message":"Email and password cannot be updated here","method":"PUT","service":"user-service","url":"/updateUser/undefined"}
{"date":"2024-06-21T15:13:29.919Z","level":"error","message":"Email and password cannot be updated here","method":"PUT","service":"user-service","url":"/updateUser/667592e8f047e9a5fb97de5e"}
{"date":"2024-06-21T19:22:31.579Z","level":"error","message":"Cast to ObjectId failed for value \"undefined\" (type string) at path \"_id\" for model \"user\"","method":"DELETE","service":"user-service","url":"/deleteUser/undefined"}
{"date":"2024-06-21T19:22:39.472Z","level":"error","message":"Cast to ObjectId failed for value \"undefined\" (type string) at path \"_id\" for model \"user\"","method":"DELETE","service":"user-service","url":"/deleteUser/undefined"}
{"date":"2024-06-21T19:24:55.683Z","level":"error","message":"Cast to ObjectId failed for value \"undefined\" (type string) at path \"_id\" for model \"user\"","method":"DELETE","service":"user-service","url":"/deleteUser/undefined"}
{"date":"2024-06-21T19:25:00.178Z","level":"error","message":"Cast to ObjectId failed for value \"undefined\" (type string) at path \"_id\" for model \"user\"","method":"DELETE","service":"user-service","url":"/deleteUser/undefined"}
{"date":"2024-06-21T19:25:15.600Z","level":"error","message":"Cast to ObjectId failed for value \"undefined\" (type string) at path \"_id\" for model \"user\"","method":"DELETE","service":"user-service","url":"/deleteUser/undefined"}
{"date":"2024-06-24T15:40:29.422Z","level":"error","message":"Please provide question and answer","method":"PUT","service":"user-service","url":"/updateFaq/66797da5d64608cfa18d67fc"}
{"date":"2024-06-25T14:07:48.168Z","level":"error","message":"Cannot read properties of null (reading 'role')","method":"GET","service":"user-service","url":"/getCkmbgRequests"}
{"date":"2024-06-26T06:29:17.785Z","level":"error","message":"Cannot read properties of undefined (reading 'includes')","method":"GET","service":"user-service","url":"/getCompletedRequests"}
{"date":"2024-06-27T15:07:17.927Z","level":"error","message":"path.join is not a function","method":"PUT","service":"user-service","url":"/status/667b3102053c9ba6cc807d0b"}
{"date":"2024-06-27T15:07:37.961Z","level":"error","message":"path.join is not a function","method":"PUT","service":"user-service","url":"/status/667ad55a053c9ba6cc807c13"}
{"date":"2024-06-27T15:08:21.280Z","level":"error","message":"Error uploading file","method":"PUT","service":"user-service","url":"/status/667ad55a053c9ba6cc807c13"}
{"date":"2024-06-27T15:08:21.530Z","level":"error","message":"Cannot set headers after they are sent to the client","method":"PUT","service":"user-service","url":"/status/667ad55a053c9ba6cc807c13"}
{"date":"2024-06-27T15:08:47.918Z","level":"error","message":"Error uploading file","method":"PUT","service":"user-service","url":"/status/667ad55a053c9ba6cc807c13"}
{"date":"2024-06-27T15:08:48.137Z","level":"error","message":"Cannot set headers after they are sent to the client","method":"PUT","service":"user-service","url":"/status/667ad55a053c9ba6cc807c13"}
{"date":"2024-06-28T13:45:04.885Z","level":"error","message":"path is not defined","method":"POST","service":"user-service","url":"/"}
{"date":"2024-08-05T14:04:01.633Z","level":"error","message":"Must supply api_key","method":"POST","service":"user-service","url":"/"}
{"date":"2024-08-05T14:11:42.491Z","level":"error","message":"Must supply api_key","method":"POST","service":"user-service","url":"/"}
{"level":"error","message":{"date":"2024-08-05T14:12:39.671Z","method":"POST","url":"/"},"service":"user-service"}
{"level":"error","message":{"date":"2024-08-05T14:17:54.354Z","method":"POST","url":"/"},"service":"user-service"}
{"level":"error","message":{"date":"2024-08-05T14:19:54.013Z","method":"POST","url":"/"},"service":"user-service"}
{"date":"2024-08-05T14:23:07.025Z","level":"error","message":"image is not defined","method":"POST","service":"user-service","url":"/"}
{"date":"2024-08-05T14:23:25.898Z","level":"error","message":"image is not defined","method":"POST","service":"user-service","url":"/"}
{"level":"error","message":{"date":"2024-08-05T14:23:56.550Z","method":"POST","url":"/"},"service":"user-service"}
{"level":"error","message":{"date":"2024-08-05T14:24:44.966Z","method":"POST","url":"/"},"service":"user-service"}
{"level":"error","message":{"date":"2024-08-05T14:25:38.886Z","method":"POST","url":"/"},"service":"user-service"}
{"level":"error","message":{"date":"2024-08-05T14:28:49.475Z","method":"POST","url":"/"},"service":"user-service"}
{"level":"error","message":{"date":"2024-08-05T14:28:51.212Z","method":"POST","url":"/"},"service":"user-service"}
{"level":"error","message":{"date":"2024-08-05T14:29:28.145Z","method":"POST","url":"/"},"service":"user-service"}
{"level":"error","message":{"date":"2024-08-05T14:30:25.948Z","method":"POST","url":"/"},"service":"user-service"}
{"level":"error","message":{"date":"2024-08-05T14:30:38.885Z","method":"POST","url":"/"},"service":"user-service"}
{"level":"error","message":{"date":"2024-08-05T14:32:33.883Z","method":"POST","url":"/"},"service":"user-service"}
{"level":"error","message":{"date":"2024-08-05T14:32:38.848Z","method":"POST","url":"/"},"service":"user-service"}
{"level":"error","message":{"date":"2024-08-05T14:34:42.983Z","method":"POST","url":"/"},"service":"user-service"}
{"date":"2024-08-05T14:39:37.716Z","level":"error","message":"Invalid cloud_name sample","method":"POST","service":"user-service","url":"/"}
{"date":"2024-08-05T14:40:20.586Z","level":"error","message":"Invalid cloud_name zubair","method":"POST","service":"user-service","url":"/"}
{"date":"2024-08-05T16:07:01.397Z","level":"error","message":"Cannot destructure property 'file' of 'req.files' as it is undefined.","method":"POST","service":"user-service","url":"/"}
{"date":"2024-08-05T16:07:16.565Z","level":"error","message":"Please provide a file","method":"POST","service":"user-service","url":"/"}
{"date":"2024-08-05T16:07:20.761Z","level":"error","message":"Please provide a file","method":"POST","service":"user-service","url":"/"}
{"date":"2024-08-06T09:01:46.065Z","level":"error","message":"Ckmbg validation failed: type: `checkMy-HealthProvider` is not a valid enum value for path `type`.","method":"POST","service":"user-service","url":"/createCkmpgRequest"}
